<?xml version="1.0" encoding="UTF-8"?>
<testng-results skipped="0" failed="0" ignored="0" total="2" passed="2">
  <reporter-output>
  </reporter-output>
  <suite name="Default suite" duration-ms="34895" started-at="2022-03-23T14:22:53 IST" finished-at="2022-03-23T14:23:28 IST">
    <groups>
    </groups>
    <test name="Default test" duration-ms="34895" started-at="2022-03-23T14:22:53 IST" finished-at="2022-03-23T14:23:28 IST">
      <class name="vijay.testcase.HomePageTest">
        <test-method status="PASS" signature="setUp()[pri:0, instance:vijay.testcase.HomePageTest@23fe1d71]" name="setUp" is-config="true" duration-ms="31702" started-at="2022-03-23T14:22:53 IST" finished-at="2022-03-23T14:23:25 IST">
          <reporter-output>
          </reporter-output>
        </test-method> <!-- setUp -->
        <test-method status="PASS" signature="contactTest()[pri:0, instance:vijay.testcase.HomePageTest@23fe1d71]" name="contactTest" duration-ms="1130" started-at="2022-03-23T14:23:25 IST" finished-at="2022-03-23T14:23:26 IST">
          <reporter-output>
          </reporter-output>
        </test-method> <!-- contactTest -->
        <test-method status="PASS" signature="headerTest()[pri:0, instance:vijay.testcase.HomePageTest@23fe1d71]" name="headerTest" duration-ms="79" started-at="2022-03-23T14:23:26 IST" finished-at="2022-03-23T14:23:26 IST">
          <reporter-output>
          </reporter-output>
        </test-method> <!-- headerTest -->
        <test-method status="PASS" signature="tearDown()[pri:0, instance:vijay.testcase.HomePageTest@23fe1d71]" name="tearDown" is-config="true" duration-ms="1630" started-at="2022-03-23T14:23:26 IST" finished-at="2022-03-23T14:23:28 IST">
          <reporter-output>
          </reporter-output>
        </test-method> <!-- tearDown -->
      </class> <!-- vijay.testcase.HomePageTest -->
    </test> <!-- Default test -->
  </suite> <!-- Default suite -->
</testng-results>
